[+] Containers:
 |- [+] Container: /Game/ThirdPerson/Maps/ThirdPersonMap
 |   |- [+] ActorDescs:
 |   |   |- Guid:0C2952BC40FD139CD8BA8AA84451AA93 BaseClass: NativeClass:/Script/Engine.StaticMeshActor Name:StaticMeshActor_UAID_D8CB8AEFA4FB5FF201_1677882451 Label:Cube7 SpatiallyLoaded:1 Bounds:IsValid=true, Min=(X=2180.000 Y=1210.000 Z=0.000), Max=(X=2280.000 Y=1610.000 Z=400.000) RuntimeGrid:None EditorOnly:0 RuntimeOnly:0 HLODRelevant:1 FolderPath:Walls FolderGuid:7C09C37540E70E76FBAC3096C3F53391
 |   |   |- Guid:1A789DC8415097E9856E5DB60740F01D BaseClass: NativeClass:/Script/Engine.StaticMeshActor Name:StaticMeshActor_34 Label:SM_QuarterCylinder13 SpatiallyLoaded:1 Bounds:IsValid=true, Min=(X=80.000 Y=600.000 Z=-20.000), Max=(X=280.000 Y=800.000 Z=30.000) RuntimeGrid:None EditorOnly:0 RuntimeOnly:0 HLODRelevant:1 FolderPath:Cylinder FolderGuid:D075E5BA49330D3EC2503D81A7CF88D1
 |   |   |- Guid:213BDF98476DDA4F6D2721907BD2CC1D BaseClass: NativeClass:/Script/Engine.StaticMeshActor Name:StaticMeshActor_UAID_D8CB8AEFA4FB60F201_1100522640 Label:Cube19 SpatiallyLoaded:1 Bounds:IsValid=true, Min=(X=1420.000 Y=590.000 Z=0.000), Max=(X=1520.000 Y=1390.000 Z=400.000) RuntimeGrid:None EditorOnly:0 RuntimeOnly:0 HLODRelevant:1 FolderPath:Walls FolderGuid:7C09C37540E70E76FBAC3096C3F53391
 |   |   |- Guid:2B2D730D49B8829AA4436BA22A3EA4EC BaseClass: NativeClass:/Script/Engine.StaticMeshActor Name:StaticMeshActor_UAID_D8CB8AEFA4FB5EF201_1450503259 Label:Cube6 SpatiallyLoaded:1 Bounds:IsValid=true, Min=(X=2642.500 Y=1090.000 Z=0.000), Max=(X=2917.500 Y=1190.000 Z=400.000) RuntimeGrid:None EditorOnly:0 RuntimeOnly:0 HLODRelevant:1 FolderPath:Walls FolderGuid:7C09C37540E70E76FBAC3096C3F53391
 |   |   |- Guid:2D2B6EA54273FBCC178F289CC9797E26 BaseClass: NativeClass:/Script/Engine.RectLight Name:RectLight_UAID_D8CB8AEFA4FB62F201_1601335003 Label:RectLight4 SpatiallyLoaded:1 Bounds:IsValid=true, Min=(X=1880.000 Y=-510.000 Z=-830.000), Max=(X=3880.000 Y=1490.000 Z=1170.000) RuntimeGrid:None EditorOnly:0 RuntimeOnly:0 HLODRelevant:0 FolderPath:Hall Lights FolderGuid:25259BF146E6261AD230E0B9B58823F3
 |   |   |- Guid:2FAC21B84F1FA97487BB96A032D8C919 BaseClass: NativeClass:/Script/Engine.StaticMeshActor Name:StaticMeshActor_UAID_D8CB8AEFA4FB5FF201_1571761449 Label:Cube5 SpatiallyLoaded:1 Bounds:IsValid=true, Min=(X=1840.000 Y=587.500 Z=0.000), Max=(X=1940.000 Y=1712.500 Z=400.000) RuntimeGrid:None EditorOnly:0 RuntimeOnly:0 HLODRelevant:1 FolderPath:Walls FolderGuid:7C09C37540E70E76FBAC3096C3F53391
 |   |   |- Guid:2FB58999456391D349DC0F86DAC136ED BaseClass: NativeClass:/Script/Engine.SkyLight Name:SkyLight_1 Label:SkyLight SpatiallyLoaded:0 Bounds:IsValid=true, Min=(X=0.000 Y=0.000 Z=690.000), Max=(X=0.000 Y=0.000 Z=690.000) RuntimeGrid:None EditorOnly:0 RuntimeOnly:0 HLODRelevant:0 FolderPath:Lighting FolderGuid:963EC3EB4002CCE9759E2EBA541A873A
 |   |   |- Guid:308B3803424128C78289D4AB122BAB84 BaseClass: NativeClass:/Script/Engine.StaticMeshActor Name:StaticMeshActor_UAID_D8CB8AEFA4FB5FF201_1985769459 Label:Cube14 SpatiallyLoaded:1 Bounds:IsValid=true, Min=(X=577.500 Y=2880.000 Z=0.000), Max=(X=1002.500 Y=2980.000 Z=400.000) RuntimeGrid:None EditorOnly:0 RuntimeOnly:0 HLODRelevant:1 FolderPath:Walls FolderGuid:7C09C37540E70E76FBAC3096C3F53391
 |   |   |- Guid:316CF2A6494ACA4C0E4180A87D36AB8F BaseClass: NativeClass:/Script/Engine.ExponentialHeightFog Name:ExponentialHeightFog_0 Label:ExponentialHeightFog SpatiallyLoaded:0 Bounds:IsValid=true, Min=(X=-5600.000 Y=-50.000 Z=-6850.000), Max=(X=-5600.000 Y=-50.000 Z=-6850.000) RuntimeGrid:None EditorOnly:0 RuntimeOnly:0 HLODRelevant:0 FolderPath:Lighting FolderGuid:963EC3EB4002CCE9759E2EBA541A873A
 |   |   |- Guid:31C74F63407D5675EC55DCBBAD74BF7F BaseClass: NativeClass:/Script/Engine.StaticMeshActor Name:StaticMeshActor_UAID_D8CB8AEFA4FB5FF201_1390677442 Label:SM_QuarterCylinder16 SpatiallyLoaded:1 Bounds:IsValid=true, Min=(X=280.000 Y=290.000 Z=-20.000), Max=(X=480.000 Y=490.000 Z=30.000) RuntimeGrid:None EditorOnly:0 RuntimeOnly:0 HLODRelevant:1 FolderPath:Cylinder FolderGuid:D075E5BA49330D3EC2503D81A7CF88D1
 |   |   |- Guid:325ED8CA420A8C1117E22EB6B9D6FA13 BaseClass: NativeClass:/Script/Engine.StaticMeshActor Name:StaticMeshActor_UAID_D8CB8AEFA4FB5FF201_1465998447 Label:Cube3 SpatiallyLoaded:1 Bounds:IsValid=true, Min=(X=2540.000 Y=575.000 Z=0.000), Max=(X=2640.000 Y=1225.000 Z=400.000) RuntimeGrid:None EditorOnly:0 RuntimeOnly:0 HLODRelevant:1 FolderPath:Walls FolderGuid:7C09C37540E70E76FBAC3096C3F53391
 |   |   |- Guid:3A00AA1C422CE54C0BDB60BAF471BFBB BaseClass: NativeClass:/Script/Engine.PlayerStart Name:PlayerStart_0 Label:PlayerStart SpatiallyLoaded:0 Bounds:IsValid=true, Min=(X=290.000 Y=230.000 Z=70.013), Max=(X=370.000 Y=310.000 Z=254.013) RuntimeGrid:None EditorOnly:0 RuntimeOnly:0 HLODRelevant:0
 |   |   |- Guid:3B5E19AD4B2234C0BE74549FEC67EC15 BaseClass: NativeClass:/Script/Engine.StaticMeshActor Name:StaticMeshActor_UAID_D8CB8AEFA4FB60F201_1255877644 Label:Cube23 SpatiallyLoaded:1 Bounds:IsValid=true, Min=(X=1255.000 Y=2390.000 Z=0.000), Max=(X=1405.000 Y=2490.000 Z=400.000) RuntimeGrid:None EditorOnly:0 RuntimeOnly:0 HLODRelevant:1 FolderPath:Walls FolderGuid:7C09C37540E70E76FBAC3096C3F53391
 |   |   |- Guid:3CCD500F40BDAC2C2936E3A88BB6B85E BaseClass: NativeClass:/Script/Engine.StaticMeshActor Name:StaticMeshActor_UAID_D8CB8AEFA4FB60F201_1282173645 Label:Cube24 SpatiallyLoaded:1 Bounds:IsValid=true, Min=(X=1250.000 Y=2480.000 Z=0.000), Max=(X=1350.000 Y=2880.000 Z=400.000) RuntimeGrid:None EditorOnly:0 RuntimeOnly:0 HLODRelevant:1 FolderPath:Walls FolderGuid:7C09C37540E70E76FBAC3096C3F53391
 |   |   |- Guid:43815E84492231AFC407F59E3C28176B BaseClass: NativeClass:/Script/Engine.StaticMeshActor Name:StaticMeshActor_4 Label:SM_Cube6 SpatiallyLoaded:1 Bounds:IsValid=true, Min=(X=2900.000 Y=100.000 Z=0.000), Max=(X=3000.000 Y=3400.000 Z=400.000) RuntimeGrid:None EditorOnly:0 RuntimeOnly:0 HLODRelevant:1 FolderPath:Playground FolderGuid:C73F09FC4215536B1DCE2A9E0A830C70
 |   |   |- Guid:439D12CE408D4EB44EA0A3B0549A4BFF BaseClass: NativeClass:/Script/Engine.StaticMeshActor Name:StaticMeshActor_UAID_D8CB8AEFA4FBE7F101_1541629311 Label:Cube SpatiallyLoaded:1 Bounds:IsValid=true, Min=(X=97.500 Y=490.000 Z=0.000), Max=(X=1522.500 Y=590.000 Z=400.000) RuntimeGrid:None EditorOnly:0 RuntimeOnly:0 HLODRelevant:1 FolderPath:Walls FolderGuid:7C09C37540E70E76FBAC3096C3F53391
 |   |   |- Guid:47C7921449B8C08699C5CEB15C333C54 BaseClass: NativeClass:/Script/Engine.StaticMeshActor Name:StaticMeshActor_UAID_D8CB8AEFA4FB5EF201_1344728257 Label:Cube4 SpatiallyLoaded:1 Bounds:IsValid=true, Min=(X=1950.000 Y=490.000 Z=0.000), Max=(X=2650.000 Y=590.000 Z=400.000) RuntimeGrid:None EditorOnly:0 RuntimeOnly:0 HLODRelevant:1 FolderPath:Walls FolderGuid:7C09C37540E70E76FBAC3096C3F53391
 |   |   |- Guid:4D3BE93F4146AAAC8BBE79999D96D57F BaseClass: NativeClass:/Script/Engine.VolumetricCloud Name:VolumetricCloud_0 Label:VolumetricCloud SpatiallyLoaded:0 Bounds:IsValid=true, Min=(X=0.000 Y=0.000 Z=820.000), Max=(X=0.000 Y=0.000 Z=820.000) RuntimeGrid:None EditorOnly:0 RuntimeOnly:0 HLODRelevant:0 FolderPath:Lighting FolderGuid:963EC3EB4002CCE9759E2EBA541A873A
 |   |   |- Guid:51F52A4D4A54D6766B10029250B76A5C BaseClass: NativeClass:/Script/Engine.RectLight Name:RectLight_UAID_D8CB8AEFA4FB62F201_1630565004 Label:RectLight5 SpatiallyLoaded:1 Bounds:IsValid=true, Min=(X=540.000 Y=1160.000 Z=-840.000), Max=(X=2540.000 Y=3160.000 Z=1160.000) RuntimeGrid:None EditorOnly:0 RuntimeOnly:0 HLODRelevant:0 FolderPath:Hall Lights FolderGuid:25259BF146E6261AD230E0B9B58823F3
 |   |   |- Guid:5B97F4A64FB21F77EFC44386BF705B4C BaseClass: NativeClass:/Script/Engine.TextRenderActor Name:TextRenderActor_1 Label:TextRenderActor SpatiallyLoaded:1 Bounds:IsValid=true, Min=(X=-0.100 Y=1100.000 Z=65.013), Max=(X=-0.100 Y=2392.308 Z=215.013) RuntimeGrid:None EditorOnly:0 RuntimeOnly:0 HLODRelevant:0
 |   |   |- Guid:5E4DB4154690C8B4EB14EAA9E92FAAFF BaseClass: NativeClass:/Script/Engine.StaticMeshActor Name:StaticMeshActor_33 Label:SM_QuarterCylinder12 SpatiallyLoaded:1 Bounds:IsValid=true, Min=(X=80.000 Y=800.000 Z=-20.000), Max=(X=280.000 Y=1000.000 Z=30.000) RuntimeGrid:None EditorOnly:0 RuntimeOnly:0 HLODRelevant:1 FolderPath:Cylinder FolderGuid:D075E5BA49330D3EC2503D81A7CF88D1
 |   |   |- Guid:6BAF4DDD444C60371492D3919DB42C97 BaseClass: NativeClass:/Script/Engine.WorldDataLayers Name:WorldDataLayers Label:WorldDataLayers SpatiallyLoaded:0 Bounds:IsValid=true, Min=(X=0.000 Y=0.000 Z=0.000), Max=(X=0.000 Y=0.000 Z=0.000) RuntimeGrid:None EditorOnly:0 RuntimeOnly:0 HLODRelevant:0
 |   |   |- Guid:7AA6B573412873D1D7F2739B3B779735 BaseClass: NativeClass:/Script/Engine.RectLight Name:RectLight_UAID_D8CB8AEFA4FB62F201_1560327001 Label:RectLight2 SpatiallyLoaded:1 Bounds:IsValid=true, Min=(X=830.000 Y=-280.000 Z=-840.000), Max=(X=2830.000 Y=1720.000 Z=1160.000) RuntimeGrid:None EditorOnly:0 RuntimeOnly:0 HLODRelevant:0 FolderPath:Hall Lights FolderGuid:25259BF146E6261AD230E0B9B58823F3
 |   |   |- Guid:7B19770D4F46642FC05D63BE8137C151 BaseClass: NativeClass:/Script/Engine.StaticMeshActor Name:StaticMeshActor_UAID_D8CB8AEFA4FB5FF201_1315805436 Label:SM_QuarterCylinder15 SpatiallyLoaded:1 Bounds:IsValid=true, Min=(X=80.000 Y=290.000 Z=-20.000), Max=(X=280.000 Y=490.000 Z=30.000) RuntimeGrid:None EditorOnly:0 RuntimeOnly:0 HLODRelevant:1 FolderPath:Cylinder FolderGuid:D075E5BA49330D3EC2503D81A7CF88D1
 |   |   |- Guid:7C172A0740B33B6D38EEF38A63E0B945 BaseClass: NativeClass:/Script/Engine.StaticMeshActor Name:StaticMeshActor_3 Label:SM_Ramp SpatiallyLoaded:1 Bounds:IsValid=true, Min=(X=190.000 Y=950.000 Z=0.000), Max=(X=390.000 Y=1350.000 Z=30.000) RuntimeGrid:None EditorOnly:0 RuntimeOnly:0 HLODRelevant:1 FolderPath:Start_End FolderGuid:5E222AE2440661FA9F9B2BB8A54006CD
 |   |   |- Guid:7F44A7B34720B06415A529AEFEF5FD47 BaseClass: NativeClass:/Script/Engine.StaticMeshActor Name:StaticMeshActor_UAID_D8CB8AEFA4FB5FF201_2046773462 Label:Cube17 SpatiallyLoaded:1 Bounds:IsValid=true, Min=(X=760.000 Y=2657.500 Z=0.000), Max=(X=860.000 Y=2882.500 Z=400.000) RuntimeGrid:None EditorOnly:0 RuntimeOnly:0 HLODRelevant:1 FolderPath:Walls FolderGuid:7C09C37540E70E76FBAC3096C3F53391
 |   |   |- Guid:8060E383499133728E61F0B8D17EE833 BaseClass: NativeClass:/Script/Engine.StaticMeshActor Name:StaticMeshActor_UAID_D8CB8AEFA4FB5FF201_1315815439 Label:SM_QuarterCylinder17 SpatiallyLoaded:1 Bounds:IsValid=true, Min=(X=80.000 Y=90.000 Z=-20.000), Max=(X=280.000 Y=290.000 Z=30.000) RuntimeGrid:None EditorOnly:0 RuntimeOnly:0 HLODRelevant:1 FolderPath:Cylinder FolderGuid:D075E5BA49330D3EC2503D81A7CF88D1
 |   |   |- Guid:8259A4894D1C587897773287131D943F BaseClass: NativeClass:/Script/Engine.StaticMeshActor Name:StaticMeshActor_UAID_D8CB8AEFA4FB5FF201_2012440460 Label:Cube15 SpatiallyLoaded:1 Bounds:IsValid=true, Min=(X=480.000 Y=585.000 Z=0.000), Max=(X=580.000 Y=2735.000 Z=400.000) RuntimeGrid:None EditorOnly:0 RuntimeOnly:0 HLODRelevant:1 FolderPath:Walls FolderGuid:7C09C37540E70E76FBAC3096C3F53391
 |   |   |- Guid:8313435F41215C064D4E118557C52159 BaseClass: NativeClass:/Script/Engine.StaticMeshActor Name:StaticMeshActor_UAID_D8CB8AEFA4FB5FF201_1390675441 Label:SM_QuarterCylinder15 SpatiallyLoaded:1 Bounds:IsValid=true, Min=(X=80.000 Y=290.000 Z=-20.000), Max=(X=280.000 Y=490.000 Z=30.000) RuntimeGrid:None EditorOnly:0 RuntimeOnly:0 HLODRelevant:1 FolderPath:Cylinder FolderGuid:D075E5BA49330D3EC2503D81A7CF88D1
 |   |   |- Guid:83A6D0AA4A4D3548B72EA697E3E7F4AB BaseClass: NativeClass:/Script/Engine.StaticMeshActor Name:StaticMeshActor_UAID_D8CB8AEFA4FB5FF201_1390683445 Label:SM_QuarterCylinder18 SpatiallyLoaded:1 Bounds:IsValid=true, Min=(X=280.000 Y=90.000 Z=-20.000), Max=(X=480.000 Y=290.000 Z=30.000) RuntimeGrid:None EditorOnly:0 RuntimeOnly:0 HLODRelevant:1 FolderPath:Cylinder FolderGuid:D075E5BA49330D3EC2503D81A7CF88D1
 |   |   |- Guid:9074AEAD47B3B6E1E687248F454B1F38 BaseClass: NativeClass:/Script/Engine.StaticMeshActor Name:StaticMeshActor_UAID_D8CB8AEFA4FB60F201_1150798641 Label:Cube20 SpatiallyLoaded:1 Bounds:IsValid=true, Min=(X=570.000 Y=590.000 Z=0.000), Max=(X=970.000 Y=990.000 Z=400.000) RuntimeGrid:None EditorOnly:0 RuntimeOnly:0 HLODRelevant:1 FolderPath:Walls FolderGuid:7C09C37540E70E76FBAC3096C3F53391
 |   |   |- Guid:94F6D9A645798F5BAD0B58BEED8F27F5 BaseClass: NativeClass:/Script/Engine.StaticMeshActor Name:StaticMeshActor_32 Label:SM_QuarterCylinder11 SpatiallyLoaded:1 Bounds:IsValid=true, Min=(X=280.000 Y=800.000 Z=-20.000), Max=(X=480.000 Y=1000.000 Z=30.000) RuntimeGrid:None EditorOnly:0 RuntimeOnly:0 HLODRelevant:1 FolderPath:Cylinder FolderGuid:D075E5BA49330D3EC2503D81A7CF88D1
 |   |   |- Guid:A43CF3E6410DD2681F874E9B41081175 BaseClass: NativeClass:/Script/Engine.StaticMeshActor Name:StaticMeshActor_UAID_D8CB8AEFA4FB5FF201_1598754450 Label:Cube6 SpatiallyLoaded:1 Bounds:IsValid=true, Min=(X=1935.000 Y=1610.000 Z=0.000), Max=(X=2285.000 Y=1710.000 Z=400.000) RuntimeGrid:None EditorOnly:0 RuntimeOnly:0 HLODRelevant:1 FolderPath:Walls FolderGuid:7C09C37540E70E76FBAC3096C3F53391
 |   |   |- Guid:A56216954B2165CF0F35A886B537D536 BaseClass: NativeClass:/Script/Engine.StaticMeshActor Name:StaticMeshActor_0 Label:SM_Cube5 SpatiallyLoaded:1 Bounds:IsValid=true, Min=(X=-0.000 Y=100.000 Z=0.000), Max=(X=100.000 Y=3400.000 Z=400.000) RuntimeGrid:None EditorOnly:0 RuntimeOnly:0 HLODRelevant:1 FolderPath:Playground FolderGuid:C73F09FC4215536B1DCE2A9E0A830C70
 |   |   |- Guid:A97BBCA94CF260707804139329EFC770 BaseClass: NativeClass:/Script/Engine.StaticMeshActor Name:StaticMeshActor_UAID_D8CB8AEFA4FB5FF201_1508595448 Label:Cube4 SpatiallyLoaded:1 Bounds:IsValid=true, Min=(X=2177.500 Y=1120.000 Z=0.000), Max=(X=2902.500 Y=1220.000 Z=400.000) RuntimeGrid:None EditorOnly:0 RuntimeOnly:0 HLODRelevant:1 FolderPath:Walls FolderGuid:7C09C37540E70E76FBAC3096C3F53391
 |   |   |- Guid:AB45562C4AED2D5058BE028916BA7185 BaseClass: NativeClass:/Script/Engine.StaticMeshActor Name:StaticMeshActor_UAID_D8CB8AEFA4FB5FF201_1897846456 Label:Cube11 SpatiallyLoaded:1 Bounds:IsValid=true, Min=(X=2180.000 Y=2855.000 Z=0.000), Max=(X=2280.000 Y=3405.000 Z=400.000) RuntimeGrid:None EditorOnly:0 RuntimeOnly:0 HLODRelevant:1 FolderPath:Walls FolderGuid:7C09C37540E70E76FBAC3096C3F53391
 |   |   |- Guid:ABFAC7094244078A070C6FA81C61FE41 BaseClass: NativeClass:/Script/Engine.RectLight Name:RectLight_UAID_D8CB8AEFA4FB62F201_1493238000 Label:RectLight SpatiallyLoaded:1 Bounds:IsValid=true, Min=(X=190.000 Y=-520.000 Z=-840.000), Max=(X=2190.000 Y=1480.000 Z=1160.000) RuntimeGrid:None EditorOnly:0 RuntimeOnly:0 HLODRelevant:0 FolderPath:Hall Lights FolderGuid:25259BF146E6261AD230E0B9B58823F3
 |   |   |- Guid:AD85FC3946CF233E27171B91B3A7B974 BaseClass: NativeClass:/Script/Engine.RectLight Name:RectLight_UAID_D8CB8AEFA4FB62F201_1587042002 Label:RectLight3 SpatiallyLoaded:1 Bounds:IsValid=true, Min=(X=1200.000 Y=-520.000 Z=-840.000), Max=(X=3200.000 Y=1480.000 Z=1160.000) RuntimeGrid:None EditorOnly:0 RuntimeOnly:0 HLODRelevant:0 FolderPath:Hall Lights FolderGuid:25259BF146E6261AD230E0B9B58823F3
 |   |   |- Guid:B05EBEED445C9021829BC2814D9FF4FB BaseClass: NativeClass:/Script/Engine.StaticMeshActor Name:StaticMeshActor_UAID_D8CB8AEFA4FB5FF201_1315817440 Label:SM_QuarterCylinder18 SpatiallyLoaded:1 Bounds:IsValid=true, Min=(X=280.000 Y=90.000 Z=-20.000), Max=(X=480.000 Y=290.000 Z=30.000) RuntimeGrid:None EditorOnly:0 RuntimeOnly:0 HLODRelevant:1 FolderPath:Cylinder FolderGuid:D075E5BA49330D3EC2503D81A7CF88D1
 |   |   |- Guid:B785ED2844B84CFB91E7F39FE661CD99 BaseClass: NativeClass:/Script/Engine.DirectionalLight Name:DirectionalLight_0 Label:DirectionalLight SpatiallyLoaded:0 Bounds:IsValid=true, Min=(X=-1048576.000 Y=-1048576.000 Z=-1048576.000), Max=(X=1048576.000 Y=1048576.000 Z=1048576.000) RuntimeGrid:None EditorOnly:0 RuntimeOnly:0 HLODRelevant:0 FolderPath:Lighting FolderGuid:963EC3EB4002CCE9759E2EBA541A873A
 |   |   |- Guid:BC08B79C4EA3C961CFF75EBBE83B367D BaseClass: NativeClass:/Script/Engine.StaticMeshActor Name:StaticMeshActor_5 Label:SM_Cube2 SpatiallyLoaded:1 Bounds:IsValid=true, Min=(X=0.000 Y=0.000 Z=0.000), Max=(X=3000.000 Y=100.000 Z=400.000) RuntimeGrid:None EditorOnly:0 RuntimeOnly:0 HLODRelevant:1 FolderPath:Playground FolderGuid:C73F09FC4215536B1DCE2A9E0A830C70
 |   |   |- Guid:C5787E71489DF618E2E777BBB4BC52A3 BaseClass: NativeClass:/Script/Engine.StaticMeshActor Name:StaticMeshActor_UAID_D8CB8AEFA4FB5FF201_1797697453 Label:Cube8 SpatiallyLoaded:1 Bounds:IsValid=true, Min=(X=2540.000 Y=1495.000 Z=0.000), Max=(X=2640.000 Y=3045.000 Z=400.000) RuntimeGrid:None EditorOnly:0 RuntimeOnly:0 HLODRelevant:1 FolderPath:Walls FolderGuid:7C09C37540E70E76FBAC3096C3F53391
 |   |   |- Guid:C6CFAE184008EFDC6BDD97918923D432 BaseClass:/Game/Blueprints/BP_DamageVolume.BP_DamageVolume_C NativeClass:/Script/Engine.Actor Name:BP_DamageVolume_C_UAID_D8CB8AEFA4FBE8F101_1529144488 Label:BP_DamageVolume SpatiallyLoaded:1 Bounds:IsValid=true, Min=(X=1222.400 Y=830.000 Z=-40.000), Max=(X=1337.600 Y=930.000 Z=60.000) RuntimeGrid:None EditorOnly:0 RuntimeOnly:0 HLODRelevant:0
 |   |   |- Guid:C92B868949E8CF02CF895693492EA809 BaseClass: NativeClass:/Script/Engine.StaticMeshActor Name:StaticMeshActor_UAID_D8CB8AEFA4FB5FF201_2121284463 Label:Cube18 SpatiallyLoaded:1 Bounds:IsValid=true, Min=(X=997.500 Y=1190.000 Z=0.000), Max=(X=1422.500 Y=1390.000 Z=400.000) RuntimeGrid:None EditorOnly:0 RuntimeOnly:0 HLODRelevant:1 FolderPath:Walls FolderGuid:7C09C37540E70E76FBAC3096C3F53391
 |   |   |- Guid:C93A59BF4E9CE4DAB5C88789308E90E7 BaseClass: NativeClass:/Script/Engine.StaticMeshActor Name:StaticMeshActor_UAID_D8CB8AEFA4FB60F201_1192915642 Label:Cube21 SpatiallyLoaded:1 Bounds:IsValid=true, Min=(X=877.500 Y=1840.000 Z=0.000), Max=(X=1502.500 Y=1940.000 Z=400.000) RuntimeGrid:None EditorOnly:0 RuntimeOnly:0 HLODRelevant:1 FolderPath:Walls FolderGuid:7C09C37540E70E76FBAC3096C3F53391
 |   |   |- Guid:CCFF262C46EEFFDF319E7F9539CE697E BaseClass: NativeClass:/Script/Engine.SkyAtmosphere Name:SkyAtmosphere_0 Label:SkyAtmosphere SpatiallyLoaded:0 Bounds:IsValid=true, Min=(X=0.000 Y=0.000 Z=1020.000), Max=(X=0.000 Y=0.000 Z=1020.000) RuntimeGrid:None EditorOnly:0 RuntimeOnly:0 HLODRelevant:0 FolderPath:Lighting FolderGuid:963EC3EB4002CCE9759E2EBA541A873A
 |   |   |- Guid:CD3F8764485ACA141BC52EAB65319EC1 BaseClass: NativeClass:/Script/Engine.StaticMeshActor Name:StaticMeshActor_UAID_D8CB8AEFA4FB5EF201_1424776258 Label:Cube5 SpatiallyLoaded:1 Bounds:IsValid=true, Min=(X=2550.000 Y=590.000 Z=0.000), Max=(X=2650.000 Y=1190.000 Z=400.000) RuntimeGrid:None EditorOnly:0 RuntimeOnly:0 HLODRelevant:1 FolderPath:Walls FolderGuid:7C09C37540E70E76FBAC3096C3F53391
 |   |   |- Guid:D224862D47693789323204B567E603DE BaseClass: NativeClass:/Script/Engine.RectLight Name:RectLight_UAID_D8CB8AEFA4FB63F201_1265487181 Label:RectLight6 SpatiallyLoaded:1 Bounds:IsValid=true, Min=(X=1780.000 Y=80.000 Z=-840.000), Max=(X=3780.000 Y=2080.000 Z=1160.000) RuntimeGrid:None EditorOnly:0 RuntimeOnly:0 HLODRelevant:0 FolderPath:Hall FolderGuid:08A33A5647226F3942F5068810DDAA93
 |   |   |- Guid:DE3A079B4635A6D8D620CCBC6C0BB1C0 BaseClass: NativeClass:/Script/Engine.StaticMeshActor Name:StaticMeshActor_35 Label:SM_QuarterCylinder14 SpatiallyLoaded:1 Bounds:IsValid=true, Min=(X=280.000 Y=600.000 Z=-20.000), Max=(X=480.000 Y=800.000 Z=30.000) RuntimeGrid:None EditorOnly:0 RuntimeOnly:0 HLODRelevant:1 FolderPath:Cylinder FolderGuid:D075E5BA49330D3EC2503D81A7CF88D1
 |   |   |- Guid:E783AA5440DC8EF49D461493B89120A5 BaseClass: NativeClass:/Script/Engine.StaticMeshActor Name:StaticMeshActor_UAID_D8CB8AEFA4FB5FF201_1922114457 Label:Cube12 SpatiallyLoaded:1 Bounds:IsValid=true, Min=(X=1750.000 Y=2535.000 Z=0.000), Max=(X=1850.000 Y=3085.000 Z=400.000) RuntimeGrid:None EditorOnly:0 RuntimeOnly:0 HLODRelevant:1 FolderPath:Walls FolderGuid:7C09C37540E70E76FBAC3096C3F53391
 |   |   |- Guid:E910624645B6F92CD3156FBF40A820C4 BaseClass: NativeClass:/Script/Engine.StaticMeshActor Name:StaticMeshActor_UAID_D8CB8AEFA4FB5FF201_1390681444 Label:SM_QuarterCylinder17 SpatiallyLoaded:1 Bounds:IsValid=true, Min=(X=80.000 Y=90.000 Z=-20.000), Max=(X=280.000 Y=290.000 Z=30.000) RuntimeGrid:None EditorOnly:0 RuntimeOnly:0 HLODRelevant:1 FolderPath:Cylinder FolderGuid:D075E5BA49330D3EC2503D81A7CF88D1
 |   |   |- Guid:EA5B80BB47F2E202F11799A4EBB5343B BaseClass: NativeClass:/Script/Engine.StaticMeshActor Name:StaticMeshActor_UAID_D8CB8AEFA4FB5FF201_1831412454 Label:Cube9 SpatiallyLoaded:1 Bounds:IsValid=true, Min=(X=1845.000 Y=2030.000 Z=0.000), Max=(X=2595.000 Y=2130.000 Z=400.000) RuntimeGrid:None EditorOnly:0 RuntimeOnly:0 HLODRelevant:1 FolderPath:Walls FolderGuid:7C09C37540E70E76FBAC3096C3F53391
 |   |   |- Guid:EC0517A94C2603FC4B29D4B4006F8E2C BaseClass: NativeClass:/Script/Engine.StaticMeshActor Name:StaticMeshActor_UAID_D8CB8AEFA4FB5FF201_1315814438 Label:SM_Ramp3 SpatiallyLoaded:1 Bounds:IsValid=true, Min=(X=430.000 Y=180.000 Z=0.000), Max=(X=830.000 Y=380.000 Z=30.000) RuntimeGrid:None EditorOnly:0 RuntimeOnly:0 HLODRelevant:1 FolderPath:Start_End FolderGuid:5E222AE2440661FA9F9B2BB8A54006CD
 |   |   |- Guid:EC09876948C5A6D9E75557B602687194 BaseClass: NativeClass:/Script/Engine.StaticMeshActor Name:StaticMeshActor_UAID_D8CB8AEFA4FB5FF201_1886815455 Label:Cube10 SpatiallyLoaded:1 Bounds:IsValid=true, Min=(X=1845.000 Y=2530.000 Z=0.000), Max=(X=2595.000 Y=2630.000 Z=400.000) RuntimeGrid:None EditorOnly:0 RuntimeOnly:0 HLODRelevant:1 FolderPath:Walls FolderGuid:7C09C37540E70E76FBAC3096C3F53391
 |   |   |- Guid:EC4E0C944CE6AC6E784BC6BB2916EA13 BaseClass: NativeClass:/Script/Engine.StaticMeshActor Name:StaticMeshActor_UAID_A4AE111137DC5EFB00_1110535423 Label:SM_SkySphere SpatiallyLoaded:0 Bounds:IsValid=true, Min=(X=-1638400.000 Y=-1638400.000 Z=-1638400.000), Max=(X=1638400.000 Y=1638400.000 Z=1638400.000) RuntimeGrid:None EditorOnly:0 RuntimeOnly:0 HLODRelevant:1 FolderPath:Lighting FolderGuid:963EC3EB4002CCE9759E2EBA541A873A
 |   |   |- Guid:F1924B8D48954B30891B2DB6A694F9CC BaseClass: NativeClass:/Script/Engine.StaticMeshActor Name:StaticMeshActor_1 Label:SM_Cube SpatiallyLoaded:1 Bounds:IsValid=true, Min=(X=0.000 Y=0.000 Z=-50.000), Max=(X=3000.000 Y=3500.000 Z=0.000) RuntimeGrid:None EditorOnly:0 RuntimeOnly:0 HLODRelevant:1 FolderPath:Playground FolderGuid:C73F09FC4215536B1DCE2A9E0A830C70
 |   |   |- Guid:F483484D4436BCE8F5F0DCB2DE43CD13 BaseClass: NativeClass:/Script/Engine.StaticMeshActor Name:StaticMeshActor_UAID_D8CB8AEFA4FB5FF201_1956504458 Label:Cube13 SpatiallyLoaded:1 Bounds:IsValid=true, Min=(X=1005.000 Y=2880.000 Z=0.000), Max=(X=1755.000 Y=3080.000 Z=400.000) RuntimeGrid:None EditorOnly:0 RuntimeOnly:0 HLODRelevant:1 FolderPath:Walls FolderGuid:7C09C37540E70E76FBAC3096C3F53391
 |   |   |- Guid:F5E3FEB3450C49844FD93DA8E083C8AD BaseClass: NativeClass:/Script/Engine.PostProcessVolume Name:PostProcessVolume_0 Label:PostProcessVolume SpatiallyLoaded:0 Bounds:IsValid=true, Min=(X=0.000 Y=0.000 Z=400.000), Max=(X=200.000 Y=200.000 Z=600.000) RuntimeGrid:None EditorOnly:0 RuntimeOnly:0 HLODRelevant:0 FolderPath:Lighting FolderGuid:963EC3EB4002CCE9759E2EBA541A873A
 |   |   |- Guid:F716655147DB5F21D1F9A68F8C9466E3 BaseClass: NativeClass:/Script/Engine.StaticMeshActor Name:StaticMeshActor_UAID_D8CB8AEFA4FB5FF201_2038232461 Label:Cube16 SpatiallyLoaded:1 Bounds:IsValid=true, Min=(X=577.500 Y=2430.000 Z=0.000), Max=(X=1002.500 Y=2530.000 Z=400.000) RuntimeGrid:None EditorOnly:0 RuntimeOnly:0 HLODRelevant:1 FolderPath:Walls FolderGuid:7C09C37540E70E76FBAC3096C3F53391
 |   |   |- Guid:FBF3775045730FFF90BFAF8E93084FC0 BaseClass: NativeClass:/Script/Engine.StaticMeshActor Name:StaticMeshActor_UAID_D8CB8AEFA4FB60F201_1215220643 Label:Cube22 SpatiallyLoaded:1 Bounds:IsValid=true, Min=(X=1400.000 Y=1935.000 Z=0.000), Max=(X=1500.000 Y=2485.000 Z=400.000) RuntimeGrid:None EditorOnly:0 RuntimeOnly:0 HLODRelevant:1 FolderPath:Walls FolderGuid:7C09C37540E70E76FBAC3096C3F53391
 |   |   |- Guid:FD77839740756FEED6A8E79E7C44CAB6 BaseClass: NativeClass:/Script/Engine.StaticMeshActor Name:StaticMeshActor_UAID_D8CB8AEFA4FB5FF201_1437475446 Label:Cube2 SpatiallyLoaded:1 Bounds:IsValid=true, Min=(X=1840.000 Y=490.000 Z=0.000), Max=(X=2640.000 Y=590.000 Z=400.000) RuntimeGrid:None EditorOnly:0 RuntimeOnly:0 HLODRelevant:1 FolderPath:Walls FolderGuid:7C09C37540E70E76FBAC3096C3F53391
 |   |   |- Guid:FE10C7D3433A79AD9AC93FA50A7CCEE0 BaseClass: NativeClass:/Script/Engine.StaticMeshActor Name:StaticMeshActor_UAID_D8CB8AEFA4FB5FF201_1315811437 Label:SM_QuarterCylinder16 SpatiallyLoaded:1 Bounds:IsValid=true, Min=(X=280.000 Y=290.000 Z=-20.000), Max=(X=480.000 Y=490.000 Z=30.000) RuntimeGrid:None EditorOnly:0 RuntimeOnly:0 HLODRelevant:1 FolderPath:Cylinder FolderGuid:D075E5BA49330D3EC2503D81A7CF88D1
 |   |   |- Guid:FF698C67459ADB4982D7759C0905EE9F BaseClass: NativeClass:/Script/Engine.StaticMeshActor Name:StaticMeshActor_6 Label:SM_Cube3 SpatiallyLoaded:1 Bounds:IsValid=true, Min=(X=0.000 Y=3400.000 Z=0.000), Max=(X=3000.000 Y=3500.000 Z=400.000) RuntimeGrid:None EditorOnly:0 RuntimeOnly:0 HLODRelevant:1 FolderPath:Playground FolderGuid:C73F09FC4215536B1DCE2A9E0A830C70
 |   |- [+] Clusters:
 |   |   |- [+] [  0]
 |   |   |   |- Guid:6BAF4DDD444C60371492D3919DB42C97 BaseClass: NativeClass:/Script/Engine.WorldDataLayers Name:WorldDataLayers Label:WorldDataLayers SpatiallyLoaded:0 Bounds:IsValid=true, Min=(X=0.000 Y=0.000 Z=0.000), Max=(X=0.000 Y=0.000 Z=0.000) RuntimeGrid:None EditorOnly:0 RuntimeOnly:0 HLODRelevant:0
 |   |   |- [+] [  1]
 |   |   |   |- Guid:CD3F8764485ACA141BC52EAB65319EC1 BaseClass: NativeClass:/Script/Engine.StaticMeshActor Name:StaticMeshActor_UAID_D8CB8AEFA4FB5EF201_1424776258 Label:Cube5 SpatiallyLoaded:1 Bounds:IsValid=true, Min=(X=2550.000 Y=590.000 Z=0.000), Max=(X=2650.000 Y=1190.000 Z=400.000) RuntimeGrid:None EditorOnly:0 RuntimeOnly:0 HLODRelevant:1 FolderPath:Walls FolderGuid:7C09C37540E70E76FBAC3096C3F53391
 |   |   |- [+] [  2]
 |   |   |   |- Guid:EC0517A94C2603FC4B29D4B4006F8E2C BaseClass: NativeClass:/Script/Engine.StaticMeshActor Name:StaticMeshActor_UAID_D8CB8AEFA4FB5FF201_1315814438 Label:SM_Ramp3 SpatiallyLoaded:1 Bounds:IsValid=true, Min=(X=430.000 Y=180.000 Z=0.000), Max=(X=830.000 Y=380.000 Z=30.000) RuntimeGrid:None EditorOnly:0 RuntimeOnly:0 HLODRelevant:1 FolderPath:Start_End FolderGuid:5E222AE2440661FA9F9B2BB8A54006CD
 |   |   |- [+] [  3]
 |   |   |   |- Guid:EA5B80BB47F2E202F11799A4EBB5343B BaseClass: NativeClass:/Script/Engine.StaticMeshActor Name:StaticMeshActor_UAID_D8CB8AEFA4FB5FF201_1831412454 Label:Cube9 SpatiallyLoaded:1 Bounds:IsValid=true, Min=(X=1845.000 Y=2030.000 Z=0.000), Max=(X=2595.000 Y=2130.000 Z=400.000) RuntimeGrid:None EditorOnly:0 RuntimeOnly:0 HLODRelevant:1 FolderPath:Walls FolderGuid:7C09C37540E70E76FBAC3096C3F53391
 |   |   |- [+] [  4]
 |   |   |   |- Guid:7F44A7B34720B06415A529AEFEF5FD47 BaseClass: NativeClass:/Script/Engine.StaticMeshActor Name:StaticMeshActor_UAID_D8CB8AEFA4FB5FF201_2046773462 Label:Cube17 SpatiallyLoaded:1 Bounds:IsValid=true, Min=(X=760.000 Y=2657.500 Z=0.000), Max=(X=860.000 Y=2882.500 Z=400.000) RuntimeGrid:None EditorOnly:0 RuntimeOnly:0 HLODRelevant:1 FolderPath:Walls FolderGuid:7C09C37540E70E76FBAC3096C3F53391
 |   |   |- [+] [  5]
 |   |   |   |- Guid:C92B868949E8CF02CF895693492EA809 BaseClass: NativeClass:/Script/Engine.StaticMeshActor Name:StaticMeshActor_UAID_D8CB8AEFA4FB5FF201_2121284463 Label:Cube18 SpatiallyLoaded:1 Bounds:IsValid=true, Min=(X=997.500 Y=1190.000 Z=0.000), Max=(X=1422.500 Y=1390.000 Z=400.000) RuntimeGrid:None EditorOnly:0 RuntimeOnly:0 HLODRelevant:1 FolderPath:Walls FolderGuid:7C09C37540E70E76FBAC3096C3F53391
 |   |   |- [+] [  6]
 |   |   |   |- Guid:439D12CE408D4EB44EA0A3B0549A4BFF BaseClass: NativeClass:/Script/Engine.StaticMeshActor Name:StaticMeshActor_UAID_D8CB8AEFA4FBE7F101_1541629311 Label:Cube SpatiallyLoaded:1 Bounds:IsValid=true, Min=(X=97.500 Y=490.000 Z=0.000), Max=(X=1522.500 Y=590.000 Z=400.000) RuntimeGrid:None EditorOnly:0 RuntimeOnly:0 HLODRelevant:1 FolderPath:Walls FolderGuid:7C09C37540E70E76FBAC3096C3F53391
 |   |   |- [+] [  7]
 |   |   |   |- Guid:F5E3FEB3450C49844FD93DA8E083C8AD BaseClass: NativeClass:/Script/Engine.PostProcessVolume Name:PostProcessVolume_0 Label:PostProcessVolume SpatiallyLoaded:0 Bounds:IsValid=true, Min=(X=0.000 Y=0.000 Z=400.000), Max=(X=200.000 Y=200.000 Z=600.000) RuntimeGrid:None EditorOnly:0 RuntimeOnly:0 HLODRelevant:0 FolderPath:Lighting FolderGuid:963EC3EB4002CCE9759E2EBA541A873A
 |   |   |- [+] [  8]
 |   |   |   |- Guid:5B97F4A64FB21F77EFC44386BF705B4C BaseClass: NativeClass:/Script/Engine.TextRenderActor Name:TextRenderActor_1 Label:TextRenderActor SpatiallyLoaded:1 Bounds:IsValid=true, Min=(X=-0.100 Y=1100.000 Z=65.013), Max=(X=-0.100 Y=2392.308 Z=215.013) RuntimeGrid:None EditorOnly:0 RuntimeOnly:0 HLODRelevant:0
 |   |   |- [+] [  9]
 |   |   |   |- Guid:2D2B6EA54273FBCC178F289CC9797E26 BaseClass: NativeClass:/Script/Engine.RectLight Name:RectLight_UAID_D8CB8AEFA4FB62F201_1601335003 Label:RectLight4 SpatiallyLoaded:1 Bounds:IsValid=true, Min=(X=1880.000 Y=-510.000 Z=-830.000), Max=(X=3880.000 Y=1490.000 Z=1170.000) RuntimeGrid:None EditorOnly:0 RuntimeOnly:0 HLODRelevant:0 FolderPath:Hall Lights FolderGuid:25259BF146E6261AD230E0B9B58823F3
 |   |   |- [+] [ 10]
 |   |   |   |- Guid:B05EBEED445C9021829BC2814D9FF4FB BaseClass: NativeClass:/Script/Engine.StaticMeshActor Name:StaticMeshActor_UAID_D8CB8AEFA4FB5FF201_1315817440 Label:SM_QuarterCylinder18 SpatiallyLoaded:1 Bounds:IsValid=true, Min=(X=280.000 Y=90.000 Z=-20.000), Max=(X=480.000 Y=290.000 Z=30.000) RuntimeGrid:None EditorOnly:0 RuntimeOnly:0 HLODRelevant:1 FolderPath:Cylinder FolderGuid:D075E5BA49330D3EC2503D81A7CF88D1
 |   |   |- [+] [ 11]
 |   |   |   |- Guid:A97BBCA94CF260707804139329EFC770 BaseClass: NativeClass:/Script/Engine.StaticMeshActor Name:StaticMeshActor_UAID_D8CB8AEFA4FB5FF201_1508595448 Label:Cube4 SpatiallyLoaded:1 Bounds:IsValid=true, Min=(X=2177.500 Y=1120.000 Z=0.000), Max=(X=2902.500 Y=1220.000 Z=400.000) RuntimeGrid:None EditorOnly:0 RuntimeOnly:0 HLODRelevant:1 FolderPath:Walls FolderGuid:7C09C37540E70E76FBAC3096C3F53391
 |   |   |- [+] [ 12]
 |   |   |   |- Guid:2FAC21B84F1FA97487BB96A032D8C919 BaseClass: NativeClass:/Script/Engine.StaticMeshActor Name:StaticMeshActor_UAID_D8CB8AEFA4FB5FF201_1571761449 Label:Cube5 SpatiallyLoaded:1 Bounds:IsValid=true, Min=(X=1840.000 Y=587.500 Z=0.000), Max=(X=1940.000 Y=1712.500 Z=400.000) RuntimeGrid:None EditorOnly:0 RuntimeOnly:0 HLODRelevant:1 FolderPath:Walls FolderGuid:7C09C37540E70E76FBAC3096C3F53391
 |   |   |- [+] [ 13]
 |   |   |   |- Guid:3B5E19AD4B2234C0BE74549FEC67EC15 BaseClass: NativeClass:/Script/Engine.StaticMeshActor Name:StaticMeshActor_UAID_D8CB8AEFA4FB60F201_1255877644 Label:Cube23 SpatiallyLoaded:1 Bounds:IsValid=true, Min=(X=1255.000 Y=2390.000 Z=0.000), Max=(X=1405.000 Y=2490.000 Z=400.000) RuntimeGrid:None EditorOnly:0 RuntimeOnly:0 HLODRelevant:1 FolderPath:Walls FolderGuid:7C09C37540E70E76FBAC3096C3F53391
 |   |   |- [+] [ 14]
 |   |   |   |- Guid:3CCD500F40BDAC2C2936E3A88BB6B85E BaseClass: NativeClass:/Script/Engine.StaticMeshActor Name:StaticMeshActor_UAID_D8CB8AEFA4FB60F201_1282173645 Label:Cube24 SpatiallyLoaded:1 Bounds:IsValid=true, Min=(X=1250.000 Y=2480.000 Z=0.000), Max=(X=1350.000 Y=2880.000 Z=400.000) RuntimeGrid:None EditorOnly:0 RuntimeOnly:0 HLODRelevant:1 FolderPath:Walls FolderGuid:7C09C37540E70E76FBAC3096C3F53391
 |   |   |- [+] [ 15]
 |   |   |   |- Guid:4D3BE93F4146AAAC8BBE79999D96D57F BaseClass: NativeClass:/Script/Engine.VolumetricCloud Name:VolumetricCloud_0 Label:VolumetricCloud SpatiallyLoaded:0 Bounds:IsValid=true, Min=(X=0.000 Y=0.000 Z=820.000), Max=(X=0.000 Y=0.000 Z=820.000) RuntimeGrid:None EditorOnly:0 RuntimeOnly:0 HLODRelevant:0 FolderPath:Lighting FolderGuid:963EC3EB4002CCE9759E2EBA541A873A
 |   |   |- [+] [ 16]
 |   |   |   |- Guid:1A789DC8415097E9856E5DB60740F01D BaseClass: NativeClass:/Script/Engine.StaticMeshActor Name:StaticMeshActor_34 Label:SM_QuarterCylinder13 SpatiallyLoaded:1 Bounds:IsValid=true, Min=(X=80.000 Y=600.000 Z=-20.000), Max=(X=280.000 Y=800.000 Z=30.000) RuntimeGrid:None EditorOnly:0 RuntimeOnly:0 HLODRelevant:1 FolderPath:Cylinder FolderGuid:D075E5BA49330D3EC2503D81A7CF88D1
 |   |   |- [+] [ 17]
 |   |   |   |- Guid:F716655147DB5F21D1F9A68F8C9466E3 BaseClass: NativeClass:/Script/Engine.StaticMeshActor Name:StaticMeshActor_UAID_D8CB8AEFA4FB5FF201_2038232461 Label:Cube16 SpatiallyLoaded:1 Bounds:IsValid=true, Min=(X=577.500 Y=2430.000 Z=0.000), Max=(X=1002.500 Y=2530.000 Z=400.000) RuntimeGrid:None EditorOnly:0 RuntimeOnly:0 HLODRelevant:1 FolderPath:Walls FolderGuid:7C09C37540E70E76FBAC3096C3F53391
 |   |   |- [+] [ 18]
 |   |   |   |- Guid:CCFF262C46EEFFDF319E7F9539CE697E BaseClass: NativeClass:/Script/Engine.SkyAtmosphere Name:SkyAtmosphere_0 Label:SkyAtmosphere SpatiallyLoaded:0 Bounds:IsValid=true, Min=(X=0.000 Y=0.000 Z=1020.000), Max=(X=0.000 Y=0.000 Z=1020.000) RuntimeGrid:None EditorOnly:0 RuntimeOnly:0 HLODRelevant:0 FolderPath:Lighting FolderGuid:963EC3EB4002CCE9759E2EBA541A873A
 |   |   |- [+] [ 19]
 |   |   |   |- Guid:EC4E0C944CE6AC6E784BC6BB2916EA13 BaseClass: NativeClass:/Script/Engine.StaticMeshActor Name:StaticMeshActor_UAID_A4AE111137DC5EFB00_1110535423 Label:SM_SkySphere SpatiallyLoaded:0 Bounds:IsValid=true, Min=(X=-1638400.000 Y=-1638400.000 Z=-1638400.000), Max=(X=1638400.000 Y=1638400.000 Z=1638400.000) RuntimeGrid:None EditorOnly:0 RuntimeOnly:0 HLODRelevant:1 FolderPath:Lighting FolderGuid:963EC3EB4002CCE9759E2EBA541A873A
 |   |   |- [+] [ 20]
 |   |   |   |- Guid:C5787E71489DF618E2E777BBB4BC52A3 BaseClass: NativeClass:/Script/Engine.StaticMeshActor Name:StaticMeshActor_UAID_D8CB8AEFA4FB5FF201_1797697453 Label:Cube8 SpatiallyLoaded:1 Bounds:IsValid=true, Min=(X=2540.000 Y=1495.000 Z=0.000), Max=(X=2640.000 Y=3045.000 Z=400.000) RuntimeGrid:None EditorOnly:0 RuntimeOnly:0 HLODRelevant:1 FolderPath:Walls FolderGuid:7C09C37540E70E76FBAC3096C3F53391
 |   |   |- [+] [ 21]
 |   |   |   |- Guid:EC09876948C5A6D9E75557B602687194 BaseClass: NativeClass:/Script/Engine.StaticMeshActor Name:StaticMeshActor_UAID_D8CB8AEFA4FB5FF201_1886815455 Label:Cube10 SpatiallyLoaded:1 Bounds:IsValid=true, Min=(X=1845.000 Y=2530.000 Z=0.000), Max=(X=2595.000 Y=2630.000 Z=400.000) RuntimeGrid:None EditorOnly:0 RuntimeOnly:0 HLODRelevant:1 FolderPath:Walls FolderGuid:7C09C37540E70E76FBAC3096C3F53391
 |   |   |- [+] [ 22]
 |   |   |   |- Guid:AD85FC3946CF233E27171B91B3A7B974 BaseClass: NativeClass:/Script/Engine.RectLight Name:RectLight_UAID_D8CB8AEFA4FB62F201_1587042002 Label:RectLight3 SpatiallyLoaded:1 Bounds:IsValid=true, Min=(X=1200.000 Y=-520.000 Z=-840.000), Max=(X=3200.000 Y=1480.000 Z=1160.000) RuntimeGrid:None EditorOnly:0 RuntimeOnly:0 HLODRelevant:0 FolderPath:Hall Lights FolderGuid:25259BF146E6261AD230E0B9B58823F3
 |   |   |- [+] [ 23]
 |   |   |   |- Guid:43815E84492231AFC407F59E3C28176B BaseClass: NativeClass:/Script/Engine.StaticMeshActor Name:StaticMeshActor_4 Label:SM_Cube6 SpatiallyLoaded:1 Bounds:IsValid=true, Min=(X=2900.000 Y=100.000 Z=0.000), Max=(X=3000.000 Y=3400.000 Z=400.000) RuntimeGrid:None EditorOnly:0 RuntimeOnly:0 HLODRelevant:1 FolderPath:Playground FolderGuid:C73F09FC4215536B1DCE2A9E0A830C70
 |   |   |- [+] [ 24]
 |   |   |   |- Guid:B785ED2844B84CFB91E7F39FE661CD99 BaseClass: NativeClass:/Script/Engine.DirectionalLight Name:DirectionalLight_0 Label:DirectionalLight SpatiallyLoaded:0 Bounds:IsValid=true, Min=(X=-1048576.000 Y=-1048576.000 Z=-1048576.000), Max=(X=1048576.000 Y=1048576.000 Z=1048576.000) RuntimeGrid:None EditorOnly:0 RuntimeOnly:0 HLODRelevant:0 FolderPath:Lighting FolderGuid:963EC3EB4002CCE9759E2EBA541A873A
 |   |   |- [+] [ 25]
 |   |   |   |- Guid:C93A59BF4E9CE4DAB5C88789308E90E7 BaseClass: NativeClass:/Script/Engine.StaticMeshActor Name:StaticMeshActor_UAID_D8CB8AEFA4FB60F201_1192915642 Label:Cube21 SpatiallyLoaded:1 Bounds:IsValid=true, Min=(X=877.500 Y=1840.000 Z=0.000), Max=(X=1502.500 Y=1940.000 Z=400.000) RuntimeGrid:None EditorOnly:0 RuntimeOnly:0 HLODRelevant:1 FolderPath:Walls FolderGuid:7C09C37540E70E76FBAC3096C3F53391
 |   |   |- [+] [ 26]
 |   |   |   |- Guid:5E4DB4154690C8B4EB14EAA9E92FAAFF BaseClass: NativeClass:/Script/Engine.StaticMeshActor Name:StaticMeshActor_33 Label:SM_QuarterCylinder12 SpatiallyLoaded:1 Bounds:IsValid=true, Min=(X=80.000 Y=800.000 Z=-20.000), Max=(X=280.000 Y=1000.000 Z=30.000) RuntimeGrid:None EditorOnly:0 RuntimeOnly:0 HLODRelevant:1 FolderPath:Cylinder FolderGuid:D075E5BA49330D3EC2503D81A7CF88D1
 |   |   |- [+] [ 27]
 |   |   |   |- Guid:7C172A0740B33B6D38EEF38A63E0B945 BaseClass: NativeClass:/Script/Engine.StaticMeshActor Name:StaticMeshActor_3 Label:SM_Ramp SpatiallyLoaded:1 Bounds:IsValid=true, Min=(X=190.000 Y=950.000 Z=0.000), Max=(X=390.000 Y=1350.000 Z=30.000) RuntimeGrid:None EditorOnly:0 RuntimeOnly:0 HLODRelevant:1 FolderPath:Start_End FolderGuid:5E222AE2440661FA9F9B2BB8A54006CD
 |   |   |- [+] [ 28]
 |   |   |   |- Guid:316CF2A6494ACA4C0E4180A87D36AB8F BaseClass: NativeClass:/Script/Engine.ExponentialHeightFog Name:ExponentialHeightFog_0 Label:ExponentialHeightFog SpatiallyLoaded:0 Bounds:IsValid=true, Min=(X=-5600.000 Y=-50.000 Z=-6850.000), Max=(X=-5600.000 Y=-50.000 Z=-6850.000) RuntimeGrid:None EditorOnly:0 RuntimeOnly:0 HLODRelevant:0 FolderPath:Lighting FolderGuid:963EC3EB4002CCE9759E2EBA541A873A
 |   |   |- [+] [ 29]
 |   |   |   |- Guid:DE3A079B4635A6D8D620CCBC6C0BB1C0 BaseClass: NativeClass:/Script/Engine.StaticMeshActor Name:StaticMeshActor_35 Label:SM_QuarterCylinder14 SpatiallyLoaded:1 Bounds:IsValid=true, Min=(X=280.000 Y=600.000 Z=-20.000), Max=(X=480.000 Y=800.000 Z=30.000) RuntimeGrid:None EditorOnly:0 RuntimeOnly:0 HLODRelevant:1 FolderPath:Cylinder FolderGuid:D075E5BA49330D3EC2503D81A7CF88D1
 |   |   |- [+] [ 30]
 |   |   |   |- Guid:F1924B8D48954B30891B2DB6A694F9CC BaseClass: NativeClass:/Script/Engine.StaticMeshActor Name:StaticMeshActor_1 Label:SM_Cube SpatiallyLoaded:1 Bounds:IsValid=true, Min=(X=0.000 Y=0.000 Z=-50.000), Max=(X=3000.000 Y=3500.000 Z=0.000) RuntimeGrid:None EditorOnly:0 RuntimeOnly:0 HLODRelevant:1 FolderPath:Playground FolderGuid:C73F09FC4215536B1DCE2A9E0A830C70
 |   |   |- [+] [ 31]
 |   |   |   |- Guid:308B3803424128C78289D4AB122BAB84 BaseClass: NativeClass:/Script/Engine.StaticMeshActor Name:StaticMeshActor_UAID_D8CB8AEFA4FB5FF201_1985769459 Label:Cube14 SpatiallyLoaded:1 Bounds:IsValid=true, Min=(X=577.500 Y=2880.000 Z=0.000), Max=(X=1002.500 Y=2980.000 Z=400.000) RuntimeGrid:None EditorOnly:0 RuntimeOnly:0 HLODRelevant:1 FolderPath:Walls FolderGuid:7C09C37540E70E76FBAC3096C3F53391
 |   |   |- [+] [ 32]
 |   |   |   |- Guid:2FB58999456391D349DC0F86DAC136ED BaseClass: NativeClass:/Script/Engine.SkyLight Name:SkyLight_1 Label:SkyLight SpatiallyLoaded:0 Bounds:IsValid=true, Min=(X=0.000 Y=0.000 Z=690.000), Max=(X=0.000 Y=0.000 Z=690.000) RuntimeGrid:None EditorOnly:0 RuntimeOnly:0 HLODRelevant:0 FolderPath:Lighting FolderGuid:963EC3EB4002CCE9759E2EBA541A873A
 |   |   |- [+] [ 33]
 |   |   |   |- Guid:213BDF98476DDA4F6D2721907BD2CC1D BaseClass: NativeClass:/Script/Engine.StaticMeshActor Name:StaticMeshActor_UAID_D8CB8AEFA4FB60F201_1100522640 Label:Cube19 SpatiallyLoaded:1 Bounds:IsValid=true, Min=(X=1420.000 Y=590.000 Z=0.000), Max=(X=1520.000 Y=1390.000 Z=400.000) RuntimeGrid:None EditorOnly:0 RuntimeOnly:0 HLODRelevant:1 FolderPath:Walls FolderGuid:7C09C37540E70E76FBAC3096C3F53391
 |   |   |- [+] [ 34]
 |   |   |   |- Guid:7AA6B573412873D1D7F2739B3B779735 BaseClass: NativeClass:/Script/Engine.RectLight Name:RectLight_UAID_D8CB8AEFA4FB62F201_1560327001 Label:RectLight2 SpatiallyLoaded:1 Bounds:IsValid=true, Min=(X=830.000 Y=-280.000 Z=-840.000), Max=(X=2830.000 Y=1720.000 Z=1160.000) RuntimeGrid:None EditorOnly:0 RuntimeOnly:0 HLODRelevant:0 FolderPath:Hall Lights FolderGuid:25259BF146E6261AD230E0B9B58823F3
 |   |   |- [+] [ 35]
 |   |   |   |- Guid:FE10C7D3433A79AD9AC93FA50A7CCEE0 BaseClass: NativeClass:/Script/Engine.StaticMeshActor Name:StaticMeshActor_UAID_D8CB8AEFA4FB5FF201_1315811437 Label:SM_QuarterCylinder16 SpatiallyLoaded:1 Bounds:IsValid=true, Min=(X=280.000 Y=290.000 Z=-20.000), Max=(X=480.000 Y=490.000 Z=30.000) RuntimeGrid:None EditorOnly:0 RuntimeOnly:0 HLODRelevant:1 FolderPath:Cylinder FolderGuid:D075E5BA49330D3EC2503D81A7CF88D1
 |   |   |- [+] [ 36]
 |   |   |   |- Guid:FD77839740756FEED6A8E79E7C44CAB6 BaseClass: NativeClass:/Script/Engine.StaticMeshActor Name:StaticMeshActor_UAID_D8CB8AEFA4FB5FF201_1437475446 Label:Cube2 SpatiallyLoaded:1 Bounds:IsValid=true, Min=(X=1840.000 Y=490.000 Z=0.000), Max=(X=2640.000 Y=590.000 Z=400.000) RuntimeGrid:None EditorOnly:0 RuntimeOnly:0 HLODRelevant:1 FolderPath:Walls FolderGuid:7C09C37540E70E76FBAC3096C3F53391
 |   |   |- [+] [ 37]
 |   |   |   |- Guid:AB45562C4AED2D5058BE028916BA7185 BaseClass: NativeClass:/Script/Engine.StaticMeshActor Name:StaticMeshActor_UAID_D8CB8AEFA4FB5FF201_1897846456 Label:Cube11 SpatiallyLoaded:1 Bounds:IsValid=true, Min=(X=2180.000 Y=2855.000 Z=0.000), Max=(X=2280.000 Y=3405.000 Z=400.000) RuntimeGrid:None EditorOnly:0 RuntimeOnly:0 HLODRelevant:1 FolderPath:Walls FolderGuid:7C09C37540E70E76FBAC3096C3F53391
 |   |   |- [+] [ 38]
 |   |   |   |- Guid:A56216954B2165CF0F35A886B537D536 BaseClass: NativeClass:/Script/Engine.StaticMeshActor Name:StaticMeshActor_0 Label:SM_Cube5 SpatiallyLoaded:1 Bounds:IsValid=true, Min=(X=-0.000 Y=100.000 Z=0.000), Max=(X=100.000 Y=3400.000 Z=400.000) RuntimeGrid:None EditorOnly:0 RuntimeOnly:0 HLODRelevant:1 FolderPath:Playground FolderGuid:C73F09FC4215536B1DCE2A9E0A830C70
 |   |   |- [+] [ 39]
 |   |   |   |- Guid:47C7921449B8C08699C5CEB15C333C54 BaseClass: NativeClass:/Script/Engine.StaticMeshActor Name:StaticMeshActor_UAID_D8CB8AEFA4FB5EF201_1344728257 Label:Cube4 SpatiallyLoaded:1 Bounds:IsValid=true, Min=(X=1950.000 Y=490.000 Z=0.000), Max=(X=2650.000 Y=590.000 Z=400.000) RuntimeGrid:None EditorOnly:0 RuntimeOnly:0 HLODRelevant:1 FolderPath:Walls FolderGuid:7C09C37540E70E76FBAC3096C3F53391
 |   |   |- [+] [ 40]
 |   |   |   |- Guid:E910624645B6F92CD3156FBF40A820C4 BaseClass: NativeClass:/Script/Engine.StaticMeshActor Name:StaticMeshActor_UAID_D8CB8AEFA4FB5FF201_1390681444 Label:SM_QuarterCylinder17 SpatiallyLoaded:1 Bounds:IsValid=true, Min=(X=80.000 Y=90.000 Z=-20.000), Max=(X=280.000 Y=290.000 Z=30.000) RuntimeGrid:None EditorOnly:0 RuntimeOnly:0 HLODRelevant:1 FolderPath:Cylinder FolderGuid:D075E5BA49330D3EC2503D81A7CF88D1
 |   |   |- [+] [ 41]
 |   |   |   |- Guid:8259A4894D1C587897773287131D943F BaseClass: NativeClass:/Script/Engine.StaticMeshActor Name:StaticMeshActor_UAID_D8CB8AEFA4FB5FF201_2012440460 Label:Cube15 SpatiallyLoaded:1 Bounds:IsValid=true, Min=(X=480.000 Y=585.000 Z=0.000), Max=(X=580.000 Y=2735.000 Z=400.000) RuntimeGrid:None EditorOnly:0 RuntimeOnly:0 HLODRelevant:1 FolderPath:Walls FolderGuid:7C09C37540E70E76FBAC3096C3F53391
 |   |   |- [+] [ 42]
 |   |   |   |- Guid:94F6D9A645798F5BAD0B58BEED8F27F5 BaseClass: NativeClass:/Script/Engine.StaticMeshActor Name:StaticMeshActor_32 Label:SM_QuarterCylinder11 SpatiallyLoaded:1 Bounds:IsValid=true, Min=(X=280.000 Y=800.000 Z=-20.000), Max=(X=480.000 Y=1000.000 Z=30.000) RuntimeGrid:None EditorOnly:0 RuntimeOnly:0 HLODRelevant:1 FolderPath:Cylinder FolderGuid:D075E5BA49330D3EC2503D81A7CF88D1
 |   |   |- [+] [ 43]
 |   |   |   |- Guid:0C2952BC40FD139CD8BA8AA84451AA93 BaseClass: NativeClass:/Script/Engine.StaticMeshActor Name:StaticMeshActor_UAID_D8CB8AEFA4FB5FF201_1677882451 Label:Cube7 SpatiallyLoaded:1 Bounds:IsValid=true, Min=(X=2180.000 Y=1210.000 Z=0.000), Max=(X=2280.000 Y=1610.000 Z=400.000) RuntimeGrid:None EditorOnly:0 RuntimeOnly:0 HLODRelevant:1 FolderPath:Walls FolderGuid:7C09C37540E70E76FBAC3096C3F53391
 |   |   |- [+] [ 44]
 |   |   |   |- Guid:E783AA5440DC8EF49D461493B89120A5 BaseClass: NativeClass:/Script/Engine.StaticMeshActor Name:StaticMeshActor_UAID_D8CB8AEFA4FB5FF201_1922114457 Label:Cube12 SpatiallyLoaded:1 Bounds:IsValid=true, Min=(X=1750.000 Y=2535.000 Z=0.000), Max=(X=1850.000 Y=3085.000 Z=400.000) RuntimeGrid:None EditorOnly:0 RuntimeOnly:0 HLODRelevant:1 FolderPath:Walls FolderGuid:7C09C37540E70E76FBAC3096C3F53391
 |   |   |- [+] [ 45]
 |   |   |   |- Guid:FBF3775045730FFF90BFAF8E93084FC0 BaseClass: NativeClass:/Script/Engine.StaticMeshActor Name:StaticMeshActor_UAID_D8CB8AEFA4FB60F201_1215220643 Label:Cube22 SpatiallyLoaded:1 Bounds:IsValid=true, Min=(X=1400.000 Y=1935.000 Z=0.000), Max=(X=1500.000 Y=2485.000 Z=400.000) RuntimeGrid:None EditorOnly:0 RuntimeOnly:0 HLODRelevant:1 FolderPath:Walls FolderGuid:7C09C37540E70E76FBAC3096C3F53391
 |   |   |- [+] [ 46]
 |   |   |   |- Guid:BC08B79C4EA3C961CFF75EBBE83B367D BaseClass: NativeClass:/Script/Engine.StaticMeshActor Name:StaticMeshActor_5 Label:SM_Cube2 SpatiallyLoaded:1 Bounds:IsValid=true, Min=(X=0.000 Y=0.000 Z=0.000), Max=(X=3000.000 Y=100.000 Z=400.000) RuntimeGrid:None EditorOnly:0 RuntimeOnly:0 HLODRelevant:1 FolderPath:Playground FolderGuid:C73F09FC4215536B1DCE2A9E0A830C70
 |   |   |- [+] [ 47]
 |   |   |   |- Guid:ABFAC7094244078A070C6FA81C61FE41 BaseClass: NativeClass:/Script/Engine.RectLight Name:RectLight_UAID_D8CB8AEFA4FB62F201_1493238000 Label:RectLight SpatiallyLoaded:1 Bounds:IsValid=true, Min=(X=190.000 Y=-520.000 Z=-840.000), Max=(X=2190.000 Y=1480.000 Z=1160.000) RuntimeGrid:None EditorOnly:0 RuntimeOnly:0 HLODRelevant:0 FolderPath:Hall Lights FolderGuid:25259BF146E6261AD230E0B9B58823F3
 |   |   |- [+] [ 48]
 |   |   |   |- Guid:FF698C67459ADB4982D7759C0905EE9F BaseClass: NativeClass:/Script/Engine.StaticMeshActor Name:StaticMeshActor_6 Label:SM_Cube3 SpatiallyLoaded:1 Bounds:IsValid=true, Min=(X=0.000 Y=3400.000 Z=0.000), Max=(X=3000.000 Y=3500.000 Z=400.000) RuntimeGrid:None EditorOnly:0 RuntimeOnly:0 HLODRelevant:1 FolderPath:Playground FolderGuid:C73F09FC4215536B1DCE2A9E0A830C70
 |   |   |- [+] [ 49]
 |   |   |   |- Guid:C6CFAE184008EFDC6BDD97918923D432 BaseClass:/Game/Blueprints/BP_DamageVolume.BP_DamageVolume_C NativeClass:/Script/Engine.Actor Name:BP_DamageVolume_C_UAID_D8CB8AEFA4FBE8F101_1529144488 Label:BP_DamageVolume SpatiallyLoaded:1 Bounds:IsValid=true, Min=(X=1222.400 Y=830.000 Z=-40.000), Max=(X=1337.600 Y=930.000 Z=60.000) RuntimeGrid:None EditorOnly:0 RuntimeOnly:0 HLODRelevant:0
 |   |   |- [+] [ 50]
 |   |   |   |- Guid:3A00AA1C422CE54C0BDB60BAF471BFBB BaseClass: NativeClass:/Script/Engine.PlayerStart Name:PlayerStart_0 Label:PlayerStart SpatiallyLoaded:0 Bounds:IsValid=true, Min=(X=290.000 Y=230.000 Z=70.013), Max=(X=370.000 Y=310.000 Z=254.013) RuntimeGrid:None EditorOnly:0 RuntimeOnly:0 HLODRelevant:0
 |   |   |- [+] [ 51]
 |   |   |   |- Guid:7B19770D4F46642FC05D63BE8137C151 BaseClass: NativeClass:/Script/Engine.StaticMeshActor Name:StaticMeshActor_UAID_D8CB8AEFA4FB5FF201_1315805436 Label:SM_QuarterCylinder15 SpatiallyLoaded:1 Bounds:IsValid=true, Min=(X=80.000 Y=290.000 Z=-20.000), Max=(X=280.000 Y=490.000 Z=30.000) RuntimeGrid:None EditorOnly:0 RuntimeOnly:0 HLODRelevant:1 FolderPath:Cylinder FolderGuid:D075E5BA49330D3EC2503D81A7CF88D1
 |   |   |- [+] [ 52]
 |   |   |   |- Guid:325ED8CA420A8C1117E22EB6B9D6FA13 BaseClass: NativeClass:/Script/Engine.StaticMeshActor Name:StaticMeshActor_UAID_D8CB8AEFA4FB5FF201_1465998447 Label:Cube3 SpatiallyLoaded:1 Bounds:IsValid=true, Min=(X=2540.000 Y=575.000 Z=0.000), Max=(X=2640.000 Y=1225.000 Z=400.000) RuntimeGrid:None EditorOnly:0 RuntimeOnly:0 HLODRelevant:1 FolderPath:Walls FolderGuid:7C09C37540E70E76FBAC3096C3F53391
 |   |   |- [+] [ 53]
 |   |   |   |- Guid:F483484D4436BCE8F5F0DCB2DE43CD13 BaseClass: NativeClass:/Script/Engine.StaticMeshActor Name:StaticMeshActor_UAID_D8CB8AEFA4FB5FF201_1956504458 Label:Cube13 SpatiallyLoaded:1 Bounds:IsValid=true, Min=(X=1005.000 Y=2880.000 Z=0.000), Max=(X=1755.000 Y=3080.000 Z=400.000) RuntimeGrid:None EditorOnly:0 RuntimeOnly:0 HLODRelevant:1 FolderPath:Walls FolderGuid:7C09C37540E70E76FBAC3096C3F53391
 |   |   |- [+] [ 54]
 |   |   |   |- Guid:9074AEAD47B3B6E1E687248F454B1F38 BaseClass: NativeClass:/Script/Engine.StaticMeshActor Name:StaticMeshActor_UAID_D8CB8AEFA4FB60F201_1150798641 Label:Cube20 SpatiallyLoaded:1 Bounds:IsValid=true, Min=(X=570.000 Y=590.000 Z=0.000), Max=(X=970.000 Y=990.000 Z=400.000) RuntimeGrid:None EditorOnly:0 RuntimeOnly:0 HLODRelevant:1 FolderPath:Walls FolderGuid:7C09C37540E70E76FBAC3096C3F53391
 |   |   |- [+] [ 55]
 |   |   |   |- Guid:2B2D730D49B8829AA4436BA22A3EA4EC BaseClass: NativeClass:/Script/Engine.StaticMeshActor Name:StaticMeshActor_UAID_D8CB8AEFA4FB5EF201_1450503259 Label:Cube6 SpatiallyLoaded:1 Bounds:IsValid=true, Min=(X=2642.500 Y=1090.000 Z=0.000), Max=(X=2917.500 Y=1190.000 Z=400.000) RuntimeGrid:None EditorOnly:0 RuntimeOnly:0 HLODRelevant:1 FolderPath:Walls FolderGuid:7C09C37540E70E76FBAC3096C3F53391
 |   |   |- [+] [ 56]
 |   |   |   |- Guid:8060E383499133728E61F0B8D17EE833 BaseClass: NativeClass:/Script/Engine.StaticMeshActor Name:StaticMeshActor_UAID_D8CB8AEFA4FB5FF201_1315815439 Label:SM_QuarterCylinder17 SpatiallyLoaded:1 Bounds:IsValid=true, Min=(X=80.000 Y=90.000 Z=-20.000), Max=(X=280.000 Y=290.000 Z=30.000) RuntimeGrid:None EditorOnly:0 RuntimeOnly:0 HLODRelevant:1 FolderPath:Cylinder FolderGuid:D075E5BA49330D3EC2503D81A7CF88D1
 |   |   |- [+] [ 57]
 |   |   |   |- Guid:A43CF3E6410DD2681F874E9B41081175 BaseClass: NativeClass:/Script/Engine.StaticMeshActor Name:StaticMeshActor_UAID_D8CB8AEFA4FB5FF201_1598754450 Label:Cube6 SpatiallyLoaded:1 Bounds:IsValid=true, Min=(X=1935.000 Y=1610.000 Z=0.000), Max=(X=2285.000 Y=1710.000 Z=400.000) RuntimeGrid:None EditorOnly:0 RuntimeOnly:0 HLODRelevant:1 FolderPath:Walls FolderGuid:7C09C37540E70E76FBAC3096C3F53391
 |   |   |- [+] [ 58]
 |   |   |   |- Guid:8313435F41215C064D4E118557C52159 BaseClass: NativeClass:/Script/Engine.StaticMeshActor Name:StaticMeshActor_UAID_D8CB8AEFA4FB5FF201_1390675441 Label:SM_QuarterCylinder15 SpatiallyLoaded:1 Bounds:IsValid=true, Min=(X=80.000 Y=290.000 Z=-20.000), Max=(X=280.000 Y=490.000 Z=30.000) RuntimeGrid:None EditorOnly:0 RuntimeOnly:0 HLODRelevant:1 FolderPath:Cylinder FolderGuid:D075E5BA49330D3EC2503D81A7CF88D1
 |   |   |- [+] [ 59]
 |   |   |   |- Guid:31C74F63407D5675EC55DCBBAD74BF7F BaseClass: NativeClass:/Script/Engine.StaticMeshActor Name:StaticMeshActor_UAID_D8CB8AEFA4FB5FF201_1390677442 Label:SM_QuarterCylinder16 SpatiallyLoaded:1 Bounds:IsValid=true, Min=(X=280.000 Y=290.000 Z=-20.000), Max=(X=480.000 Y=490.000 Z=30.000) RuntimeGrid:None EditorOnly:0 RuntimeOnly:0 HLODRelevant:1 FolderPath:Cylinder FolderGuid:D075E5BA49330D3EC2503D81A7CF88D1
 |   |   |- [+] [ 60]
 |   |   |   |- Guid:83A6D0AA4A4D3548B72EA697E3E7F4AB BaseClass: NativeClass:/Script/Engine.StaticMeshActor Name:StaticMeshActor_UAID_D8CB8AEFA4FB5FF201_1390683445 Label:SM_QuarterCylinder18 SpatiallyLoaded:1 Bounds:IsValid=true, Min=(X=280.000 Y=90.000 Z=-20.000), Max=(X=480.000 Y=290.000 Z=30.000) RuntimeGrid:None EditorOnly:0 RuntimeOnly:0 HLODRelevant:1 FolderPath:Cylinder FolderGuid:D075E5BA49330D3EC2503D81A7CF88D1
 |   |   |- [+] [ 61]
 |   |   |   |- Guid:51F52A4D4A54D6766B10029250B76A5C BaseClass: NativeClass:/Script/Engine.RectLight Name:RectLight_UAID_D8CB8AEFA4FB62F201_1630565004 Label:RectLight5 SpatiallyLoaded:1 Bounds:IsValid=true, Min=(X=540.000 Y=1160.000 Z=-840.000), Max=(X=2540.000 Y=3160.000 Z=1160.000) RuntimeGrid:None EditorOnly:0 RuntimeOnly:0 HLODRelevant:0 FolderPath:Hall Lights FolderGuid:25259BF146E6261AD230E0B9B58823F3
 |   |   |- [+] [ 62]
 |   |   |   |- Guid:D224862D47693789323204B567E603DE BaseClass: NativeClass:/Script/Engine.RectLight Name:RectLight_UAID_D8CB8AEFA4FB63F201_1265487181 Label:RectLight6 SpatiallyLoaded:1 Bounds:IsValid=true, Min=(X=1780.000 Y=80.000 Z=-840.000), Max=(X=3780.000 Y=2080.000 Z=1160.000) RuntimeGrid:None EditorOnly:0 RuntimeOnly:0 HLODRelevant:0 FolderPath:Hall FolderGuid:08A33A5647226F3942F5068810DDAA93
 |- ContainerInstances:
 |- [+] MainContainer:
 |   |-        ID: 0x0000000000000000
 |   |-    Bounds: IsValid=false, Min=(X=0.000 Y=0.000 Z=0.000), Max=(X=0.000 Y=0.000 Z=0.000)
 |   |- Transform: 0.000000,0.000000,0.000000|0.000000,0.000000,-0.000000|1.000000,1.000000,1.000000
 |   |- Container: /Game/ThirdPerson/Maps/ThirdPersonMap
----------------------------------------------------------------------------------------------------------------
ThirdPersonMap - Persistent Level
----------------------------------------------------------------------------------------------------------------
Always loaded Actor Count: 70 

----------------------------------------------------------------------------------------------------------------
ThirdPersonMap - Runtime Spatial Hash - Streaming Grid - MainGrid
----------------------------------------------------------------------------------------------------------------
            Origin: X=0.000 Y=0.000 Z=0.000
         Cell Size: 12800
      World Bounds: IsValid=false, Min=(X=0.000 Y=0.000 Z=0.000), Max=(X=0.000 Y=0.000 Z=0.000)
     Loading Range: 25600.00
Block Slow Loading: No
 ClientOnlyVisible: No

[+] Grid Levels: 1
 |- Level  0: Cell Count    0 | Cell Size   12800 | Actor Count    0 (0.0%)

[+] Content of Grid Level 0

